


































 %&-line parsing enabled.
 0 named destinations out of 1000 (max. 500000)
 1 words of extra memory for PDF output out of 10000 (max. 10000000)
 108977 string characters out of 5863086
 1141 hyphenation exceptions out of 8191
 22 compressed objects within 1 object stream
 24831 multiletter control sequences out of 15000+600000
 32 PDF objects out of 1000 (max. 8388607)
 408979 words of font info for 48 fonts, out of 8000000 for 9000
 441476 words of memory out of 5000000
 7433 strings out of 479014
 81i,10n,88p,421b,612s stack positions out of 5000i,500n,10000p,200000b,80000s
 restricted \write18 enabled.
(.=)ú
§_.ůlpo=ú)
/du2.aux)
(./du2.tex
(c:/texlive/2020/texmf-dist/tex/context/base/mkii/supp-pdf.mkii
(c:/texlive/2020/texmf-dist/tex/generic/babel-czech/czech.ldf
(c:/texlive/2020/texmf-dist/tex/generic/babel/babel.def
(c:/texlive/2020/texmf-dist/tex/generic/babel/babel.sty
(c:/texlive/2020/texmf-dist/tex/generic/babel/txtbabel.def)
(c:/texlive/2020/texmf-dist/tex/generic/iftex/iftex.sty
(c:/texlive/2020/texmf-dist/tex/generic/iftex/ifvtex.sty
(c:/texlive/2020/texmf-dist/tex/generic/mathdots/mathdots.sty
(c:/texlive/2020/texmf-dist/tex/latex/amsfonts/amsfonts.sty
(c:/texlive/2020/texmf-dist/tex/latex/amsfonts/amssymb.sty
(c:/texlive/2020/texmf-dist/tex/latex/amsfonts/umsa.fd
(c:/texlive/2020/texmf-dist/tex/latex/amsfonts/umsb.fd
(c:/texlive/2020/texmf-dist/tex/latex/amsmath/amsbsy.sty
(c:/texlive/2020/texmf-dist/tex/latex/amsmath/amsgen.sty
(c:/texlive/2020/texmf-dist/tex/latex/amsmath/amsmath.sty
(c:/texlive/2020/texmf-dist/tex/latex/amsmath/amsopn.sty
(c:/texlive/2020/texmf-dist/tex/latex/amsmath/amstext.sty
(c:/texlive/2020/texmf-dist/tex/latex/base/article.cls
(c:/texlive/2020/texmf-dist/tex/latex/base/inputenc.sty
(c:/texlive/2020/texmf-dist/tex/latex/base/size12.clo
(c:/texlive/2020/texmf-dist/tex/latex/caption/caption.sty
(c:/texlive/2020/texmf-dist/tex/latex/caption/caption3.sty
(c:/texlive/2020/texmf-dist/tex/latex/enumitem/enumitem.sty
(c:/texlive/2020/texmf-dist/tex/latex/float/float.sty
(c:/texlive/2020/texmf-dist/tex/latex/geometry/geometry.sty
(c:/texlive/2020/texmf-dist/tex/latex/graphics-cfg/graphics.cfg
(c:/texlive/2020/texmf-dist/tex/latex/graphics-def/pdftex.def
(c:/texlive/2020/texmf-dist/tex/latex/graphics/graphics.sty
(c:/texlive/2020/texmf-dist/tex/latex/graphics/graphicx.sty
(c:/texlive/2020/texmf-dist/tex/latex/graphics/keyval.sty
(c:/texlive/2020/texmf-dist/tex/latex/graphics/trig.sty
(c:/texlive/2020/texmf-dist/tex/latex/l3backend/l3backend-pdftex.def
(c:/texlive/2020/texmf-dist/tex/latex/latexconfig/epstopdf-sys.cfg
(c:/texlive/2020/texmf-dist/tex/latex/mathtools/mathtools.sty
(c:/texlive/2020/texmf-dist/tex/latex/mathtools/mhsetup.sty
(c:/texlive/2020/texmf-dist/tex/latex/subfig/subfig.sty
(c:/texlive/2020/texmf-dist/tex/latex/tools/indentfirst.sty
(c:/texlive/2020/texmf-dist/tex/latex/ucs/data/uni-0.def
(c:/texlive/2020/texmf-dist/tex/latex/ucs/data/uni-1.def
(c:/texlive/2020/texmf-dist/tex/latex/ucs/data/uni-global.def
(c:/texlive/2020/texmf-dist/tex/latex/ucs/ucs.sty
(c:/texlive/2020/texmf-dist/tex/latex/ucs/ucsencs.def
(c:/texlive/2020/texmf-dist/tex/latex/ucs/utf8x.def
(Font)                  U/euf/m/n --> U/euf/b/n on input line 106.
)
)
)
)
)
)
)
)
)
)
)
)
)
)
)
)
)
)
)

´)§
ú.loiáýuikj,-§ú=épů-.ůlkjmuztuiz




)
)
)
)
)
)
)
)
)
)
) (c:/texlive/2020/texmf-dist/tex/latex/epstopdf-pkg/epstopdf-base.sty
) [1
))
))
))
))
))
)¨¨¨¨¨¨¨¨´ú
* 
* (1in=72.27pt=25.4mm, 1cm=28.453pt)
* \@mparswitchfalse
* \@reversemarginfalse
* \@twocolumnfalse
* \@twosidefalse
* \columnsep=10.0pt
* \footskip=30.0pt
* \headheight=12.0pt
* \headsep=25.0pt
* \hoffset=0.0pt
* \mag=1000
* \marginparsep=10.0pt
* \marginparwidth=35.0pt
* \o
* \paperheight=845.04684pt
* \paperwidth=597.50787pt
* \skip\footins=10.8pt plus 4.0pt minus 2.0pt
* \textheight=700.50687pt
* \textwidth=452.9679pt
* \topmargin=-37.0pt
* \topskip=12.0pt
* \voffset=0.0pt
* driver: pdftex
* h-part:(L,W,R)=(72.26999pt, 452.9679pt, 72.26999pt)
* layout: <same size as paper>
* layoutoffset:(h,v)=(0.0pt,0.0pt)
* modes: 
* paper: a4paper
* v-part:(T,H,B)=(72.26999pt, 700.50687pt, 72.26999pt)
**du2.tex
*geometry* detected driver: pdftex
*geometry* driver: auto-detecting
*geometry* verbose mode - [ preamble ] result:
/2020/texmf-dist/fonts/type1/public/amsfonts/cm/cmmi12.pfb><c:/texlive/2020/tex
85.
:/texlive/2020/texmf-dist/fonts/type1/public/amsfonts/cm/cmbx12.pfb><c:/texlive
<c
[Loading MPS to PDF converter (version 2006.09.02).]
\@emptytoks=\toks22
\@envbody=\toks25
\@float@everytoks=\toks29
\@floatcapt=\box52
\@mathmargin=\skip52
¨¨\abovecaptionskip=\skip47
\alignsep@=\dimen153
\andhelp@=\toks24
\babel@savecnt=\count285
\bbl@dirlevel=\count286
\bbl@readstream=\read2
\belowcaptionskip=\skip48
\bibindent=\dimen138
\big@size=\dimen151
\c@caption@flags=\count275
\c@continuedfloat=\count276
\c@figure=\count185
\c@float@type=\count284
\c@Gm@tempcnt=\count189
\c@KVtest=\count277
\c@lofdepth=\count280
\c@lotdepth=\count283
\c@MaxMatrixCols=\count266
\c@paragraph=\count183
\c@parentequation=\count267dspbrk@lvl=\count268
\c@part=\count179
\c@section=\count180
\c@subfigure=\count278
\c@subfigure@save=\count279
\c@subparagraph=\count184
\c@subsection=\count181
\c@subsubsection=\count182
\c@subtable=\count281
\c@subtable@save=\count282
\c@table=\count186
\calc@Acount=\count191
\calc@Adimen=\dimen147
\calc@Askip=\skip49
\calc@Bcount=\count192
\calc@Bdimen=\dimen148
\calc@Bskip=\skip50
\calc@Ccount=\count193
\calc@Cskip=\skip51
\caption@hangindent=\dimen175
\caption@indent=\dimen173
\caption@parindent=\dimen174
\caption@tempdima=\dimen172
\captionmargin=\dimen169
\captionmargin@=\dimen170
\captionwidth=\dimen171
\classnum@=\count197
\column@=\count270
\cs@wordlen=\count287
\DOTSCASE@=\count198
\dotsspace@=\muskip16
\enit@count@id=\count273
\enit@inbox=\box50
\enit@outerparindent=\dimen168
\enit@toks=\toks27
\enitdp@description=\count274
\eqnshift@=\dimen152
\evensidemargin=0.0pt
\everyMPshowfont=\toks30
\everyMPtoPDFconversion=\toks31
\ex@=\dimen149
\float@box=\box51
\float@exts=\toks28
\g_MT_multlinerow_int=\count272
\Gin@req@height=\dimen166
\Gin@req@width=\dimen167
\Gm@bindingoffset=\dimen139
\Gm@cnth=\count187
\Gm@cntv=\count188
\Gm@dimlist=\toks16
\Gm@even@mp=\dimen142
\Gm@layoutheight=\dimen144
\Gm@layouthoffset=\dimen145
\Gm@layoutvoffset=\dimen146
\Gm@layoutwidth=\dimen143
\Gm@odd@mp=\dimen141
\Gm@wd@mp=\dimen140
\inf@bad=\count194
\inpenc@posthook=\toks18
\inpenc@prehook=\toks17
\KV@toks@=\toks15
\l__color_backend_stack_int=\count288
\l__pdf_internal_box=\box54
\l_MT_above_intertext_sep=\dimen161
\l_MT_above_shortintertext_sep=\dimen163
\l_MT_below_intertext_sep=\dimen162
\l_MT_below_shortintertext_sep=\dimen164
\l_MT_multwidth_dim=\dimen158
\l_MT_shortvdotswithinadjustabove_dim=\dimen159
\l_MT_shortvdotswithinadjustbelow_dim=\dimen160
\labelindent=\skip56
\leftroot@=\count196
\lineht@=\dimen157
\macc@depth=\count199
\makeMPintoPDFobject=\count294
\mathdisplay@stack=\toks26
\Mathstrutbox@=\box47
\maxfields@=\count271
\MDo@dotsbox=\box53
\MDo@unit=\dimen178
\MDodotkern=\muskip19
\MDopostkern=\muskip18
\MDoprekern=\muskip17
\MPnumerator=\count293
\MPscratchCnt=\count292
\MPscratchDim=\dimen180
\multlinegap=\skip53
\multlinetaggap=\skip54
\nofMParguments=\count291
\nofMPsegments=\count290
\openout1 = `du2.aux'.
\origjot=\skip55
\pmbraise@=\dimen150
\row@=\count269
\scratchbox=\box55
\scratchcounter=\count289
\scratchdimen=\dimen179
\sf@bottom=\skip61
\sf@capskip=\skip58
\sf@captopadj=\dimen176
\sf@farskip=\skip57
\sf@nearskip=\skip59
\sf@top=\skip60
\strutbox@=\box48
\symAMSa=\mathgroup4
\symAMSb=\mathgroup5
\tag@help=\toks23
\tagshift@=\dimen154
\tagwidth@=\dimen155
\totwidth@=\dimen156
\uc@combtoks=\toks19
\uc@combtoksb=\toks20
\uc@secondtry=\count190
\uc@temptokena=\toks21
\uproot@=\count195
\xmathstrut@box=\box49
\xmathstrut@dim=\dimen165
_ůpé=¨
Document Class: article 2020/04/10 v1.4m Standard LaTeX document class
e
entering extended mode
File: amsgen.sty 1999/11/30 v2.0 generic functions
File: babel.def 2021/03/03 3.55 Babel common definitions
File: epstopdf-sys.cfg 2010/07/13 v1.3 Configuration of (r)epstopdf for TeX Liv
File: graphics.cfg 2016/06/04 v1.11 sample graphics configuration
File: l3backend-pdftex.def 2021-03-18 L3 backend support: PDF output (pdfTeX)
File: pdftex.def 2020/10/05 v1.2a Graphics/color driver for pdftex¨¨)
File: size12.clo 2020/04/10 v1.4m Standard LaTeX file (size option)
File: ucsencs.def 2011/01/21 Fixes to fontencodings LGR, T3
File: umsa.fd 2013/01/14 v3.01 AMS symbols A
File: umsb.fd 2013/01/14 v3.01 AMS symbols B
File: uni-0.def 2013/05/13 UCS: Unicode data U+0000..U+00FF
File: uni-1.def 2013/05/13 UCS: Unicode data U+0100..U+01FF
File: uni-global.def 2013/05/13 UCS: Unicode global data
File: utf8x.def 2004/10/17 UCS: Input encoding UTF-8
fonts/cm/cmsy8.pfb>
For additional information on amsmath, use the `?' option.
Here is how much of TeX's memory you used:
L3 programming layer <2021-02-18>
Language: czech 2008/07/06 v3.1a Czech support from the babel system
LaTeX Font Info:    ... okay on input line 16.
LaTeX Font Info:    ... okay on input line 16.
LaTeX Font Info:    ... okay on input line 16.
LaTeX Font Info:    ... okay on input line 16.
LaTeX Font Info:    ... okay on input line 16.
LaTeX Font Info:    ... okay on input line 16.
LaTeX Font Info:    ... okay on input line 16.
LaTeX Font Info:    Checking defaults for OML/cmm/m/it on input line 16.
LaTeX Font Info:    Checking defaults for OMS/cmsy/m/n on input line 16.
LaTeX Font Info:    Checking defaults for OMX/cmex/m/n on input line 16.
LaTeX Font Info:    Checking defaults for OT1/cmr/m/n on input line 16.
LaTeX Font Info:    Checking defaults for T1/cmr/m/n on input line 16.
LaTeX Font Info:    Checking defaults for TS1/cmr/m/n on input line 16.
LaTeX Font Info:    Checking defaults for U/cmr/m/n on input line 16.
LaTeX Font Info:    Overwriting math alphabet `\mathfrak' in version `bold'
LaTeX Font Info:    Redeclaring font encoding OML on input line 743.
LaTeX Font Info:    Redeclaring font encoding OMS on input line 744.
LaTeX Font Info:    Redeclaring math symbol \hbar on input line 98.
LaTeX Font Info:    Trying to load font information for U+msa on input line 25.
LaTeX Font Info:    Trying to load font information for U+msb on input line 25.
LaTeX Info: Redefining \[ on input line 2923.
LaTeX Info: Redefining \] on input line 2924.
LaTeX Info: Redefining \addtolength on input line 81.
LaTeX Info: Redefining \cdots on input line 620.
LaTeX Info: Redefining \dots on input line 499.
LaTeX Info: Redefining \frac on input line 234.
LaTeX Info: Redefining \ldots on input line 496.
LaTeX Info: Redefining \overline on input line 399.
LaTeX Info: Redefining \setlength on input line 80.
LaTeX Info: Thecontrolsequence`\('isalreadyrobust on input line 130.
LaTeX Info: Thecontrolsequence`\)'isalreadyrobust on input line 130.
LaTeX Info: Thecontrolsequence`\['isalreadyrobust on input line 130.
LaTeX Info: Thecontrolsequence`\]'isalreadyrobust on input line 130.
LaTeX2e <2020-10-01> patch level 4
mf-dist/fonts/type1/public/amsfonts/cm/cmr12.pfb><c:/texlive/2020/texmf-dist/fo
nts/type1/public/amsfonts/cm/cmr8.pfb><c:/texlive/2020/texmf-dist/fonts/type1/p
Output written on du2.pdf (1 page, 61581 bytes).
Package babel Info: Making " an active character on input line 172.
Package babel Info: Making - an active character on input line 226.
Package caption Info: Begin \AtBeginDocument code.
Package caption Info: End \AtBeginDocument code.
Package caption Info: float package is loaded.
Package caption Info: Standard document class detected.
Package caption Info: subfig package v1.3 is loaded.
Package epstopdf-base Info: Redefining graphics rule for `.eps' on input line 4
Package graphics Info: Driver file: pdftex.def on input line 105.
Package: amsbsy 1999/11/29 v1.2d Bold Symbols
Package: amsfonts 2013/01/14 v3.01 Basic AMSFonts support
Package: amsmath 2020/09/23 v2.17i AMS math features
Package: amsopn 2016/03/08 v2.02 operator names
Package: amssymb 2013/01/14 v3.01 AMS font symbols
Package: amstext 2000/06/29 v2.01 AMS text
Package: babel 2021/03/03 3.55 The Babel package
Package: calc 2017/05/25 v4.3 Infix arithmetic (KKT,FJ)
Package: caption 2020/10/26 v3.5g Customizing captions (AR)
Package: caption3 2020/10/21 v2.2e caption3 kernel (AR)
Package: enumitem 2019/06/20 v3.9 Customized lists
Package: epstopdf-base 2020-01-24 v2.11 Base part for package epstopdf
Package: float 2001/11/08 v1.3d Float enhancements (AL)
Package: geometry 2020/01/02 v5.9 Page Geometry
Package: graphics 2020/08/30 v1.4c Standard LaTeX Graphics (DPC,SPQR)
Package: graphicx 2020/09/09 v1.2b Enhanced LaTeX Graphics (DPC,SPQR)
Package: iftex 2020/03/06 v1.0d TeX engine tests
Package: ifvtex 2019/10/25 v1.7 ifvtex legacy package. Use iftex instead.
Package: indentfirst 1995/11/23 v1.03 Indent first paragraph (DPC)
Package: inputenc 2020/08/01 v1.3d Input encoding file
Package: keyval 2014/10/28 v1.15 key=value parser (DPC)
Package: mathdots 2014/06/11 v0.9 Improve and add various macros for dots in ma
Package: mhsetup 2021/03/18 v1.4 programming setup (MH)
Package: subfig 2005/06/28 ver: 1.3 subfig package
Package: trig 2016/01/03 v1.10 sin cos tan (DPC)
Package: ucs 2013/05/11 v2.2 UCS: Unicode input support
PDF statistics:
texmf-dist/tex/latex/tools/calc.sty
th.
This is pdfTeX, Version 3.14159265-2.6-1.40.21 (TeX Live 2020/W32TeX) (preloaded format=pdflatex 2021.3.19)  25 MAR 2021 13:06
ublic/amsfonts/cm/cmsy10.pfb><c:/texlive/2020/texmf-dist/fonts/type1/public/ams
{c:/texlive/2020/texmf-var/fonts/map/pdftex/updmap/pdftex.map}] (./du2.aux) ) 
¨!ú=)ú§
¨)´¨
¨\U@D=\dimen177\l@babelnohyphens=\language86
¨¨
¨¨
¨¨ckage: mathtools 2021/03/18 v1.25 mathematical typesetting tools(c:/texlive/2020/